------------------------------------------------------------
/usr/local/bin/pip run on Mon Apr 27 11:42:28 2015
Downloading/unpacking git+git://github.com/Lokaltog/powerline
  Cloning git://github.com/Lokaltog/powerline to /tmp/pip-zf0lxM-build
  Found command 'git' at '/usr/local/bin/git'
  Running command /usr/local/bin/git clone -q git://github.com/Lokaltog/powerline /tmp/pip-zf0lxM-build
  Running setup.py (path:/tmp/pip-zf0lxM-build/setup.py) egg_info for package from git+git://github.com/Lokaltog/powerline
    running egg_info
    creating pip-egg-info/powerline_status.egg-info
    writing pbr to pip-egg-info/powerline_status.egg-info/pbr.json
    writing requirements to pip-egg-info/powerline_status.egg-info/requires.txt
    writing pip-egg-info/powerline_status.egg-info/PKG-INFO
    writing top-level names to pip-egg-info/powerline_status.egg-info/top_level.txt
    writing dependency_links to pip-egg-info/powerline_status.egg-info/dependency_links.txt
    writing manifest file 'pip-egg-info/powerline_status.egg-info/SOURCES.txt'
    warning: manifest_maker: standard file '-c' not found
    
    reading manifest file 'pip-egg-info/powerline_status.egg-info/SOURCES.txt'
    reading manifest template 'MANIFEST.in'
    warning: no previously-included files matching '*.pyc' found under directory 'powerline/bindings'
    warning: no previously-included files matching '*.pyo' found under directory 'powerline/bindings'
    writing manifest file 'pip-egg-info/powerline_status.egg-info/SOURCES.txt'
Cleaning up...
  Removing temporary dir /private/tmp/pip_build_root...
Exception:
Traceback (most recent call last):
  File "/usr/local/lib/python2.7/site-packages/pip/basecommand.py", line 122, in main
    status = self.run(options, args)
  File "/usr/local/lib/python2.7/site-packages/pip/commands/install.py", line 278, in run
    requirement_set.prepare_files(finder, force_root_egg_info=self.bundle, bundle=self.bundle)
  File "/usr/local/lib/python2.7/site-packages/pip/req.py", line 1229, in prepare_files
    req_to_install.run_egg_info()
  File "/usr/local/lib/python2.7/site-packages/pip/req.py", line 330, in run_egg_info
    "%(Name)s==%(Version)s" % self.pkg_info())
  File "/usr/local/lib/python2.7/site-packages/pip/_vendor/pkg_resources.py", line 2667, in parse
    reqs = list(parse_requirements(s))
  File "/usr/local/lib/python2.7/site-packages/pip/_vendor/pkg_resources.py", line 2605, in parse_requirements
    line, p, specs = scan_list(VERSION,LINE_END,line,p,(1,2),"version spec")
  File "/usr/local/lib/python2.7/site-packages/pip/_vendor/pkg_resources.py", line 2583, in scan_list
    "Expected ',' or end-of-list in",line,"at",line[p:]
ValueError: ("Expected ',' or end-of-list in", u'powerline-status==2.1.dev9999+git.034b7d529d5d1f0b7f7a6b668cf467a8508e7a7d', 'at', u'+git.034b7d529d5d1f0b7f7a6b668cf467a8508e7a7d')
